0 info it worked if it ends with ok
1 verbose cli [ '/usr/bin/node', '/usr/bin/npm', 'run', 'startx' ]
2 info using npm@3.5.2
3 info using node@v8.10.0
4 verbose run-script [ 'prestartx', 'startx', 'poststartx' ]
5 info lifecycle alphat-new-generation@0.6.9~prestartx: alphat-new-generation@0.6.9
6 silly lifecycle alphat-new-generation@0.6.9~prestartx: no script for prestartx, continuing
7 info lifecycle alphat-new-generation@0.6.9~startx: alphat-new-generation@0.6.9
8 verbose lifecycle alphat-new-generation@0.6.9~startx: unsafe-perm in lifecycle true
9 verbose lifecycle alphat-new-generation@0.6.9~startx: PATH: /usr/share/npm/bin/node-gyp-bin:/root/SadisbitJS/node_modules/.bin:/usr/share/npm/bin/node-gyp-bin:/root/SadisbitJS/node_modules/.bin:/usr/local/sbin:/usr/local/bin:/usr/sbin:/usr/bin:/sbin:/bin:/usr/games:/usr/local/games:/snap/bin
10 verbose lifecycle alphat-new-generation@0.6.9~startx: CWD: /root/SadisbitJS
11 silly lifecycle alphat-new-generation@0.6.9~startx: Args: [ '-c', 'node ./src/bot.js' ]
12 silly lifecycle alphat-new-generation@0.6.9~startx: Returned: code: 1  signal: null
13 info lifecycle alphat-new-generation@0.6.9~startx: Failed to exec startx script
14 verbose stack Error: alphat-new-generation@0.6.9 startx: `node ./src/bot.js`
14 verbose stack Exit status 1
14 verbose stack     at EventEmitter.<anonymous> (/usr/share/npm/lib/utils/lifecycle.js:232:16)
14 verbose stack     at emitTwo (events.js:126:13)
14 verbose stack     at EventEmitter.emit (events.js:214:7)
14 verbose stack     at ChildProcess.<anonymous> (/usr/share/npm/lib/utils/spawn.js:24:14)
14 verbose stack     at emitTwo (events.js:126:13)
14 verbose stack     at ChildProcess.emit (events.js:214:7)
14 verbose stack     at maybeClose (internal/child_process.js:925:16)
14 verbose stack     at Process.ChildProcess._handle.onexit (internal/child_process.js:209:5)
15 verbose pkgid alphat-new-generation@0.6.9
16 verbose cwd /root/SadisbitJS
17 error Linux 4.15.0-51-generic
18 error argv "/usr/bin/node" "/usr/bin/npm" "run" "startx"
19 error node v8.10.0
20 error npm  v3.5.2
21 error code ELIFECYCLE
22 error alphat-new-generation@0.6.9 startx: `node ./src/bot.js`
22 error Exit status 1
23 error Failed at the alphat-new-generation@0.6.9 startx script 'node ./src/bot.js'.
23 error Make sure you have the latest version of node.js and npm installed.
23 error If you do, this is most likely a problem with the alphat-new-generation package,
23 error not with npm itself.
23 error Tell the author that this fails on your system:
23 error     node ./src/bot.js
23 error You can get information on how to open an issue for this project with:
23 error     npm bugs alphat-new-generation
23 error Or if that isn't available, you can get their info via:
23 error     npm owner ls alphat-new-generation
23 error There is likely additional logging output above.
24 verbose exit [ 1, true ]
